[0.020s] Invoking command in '/home/ubuntu/Serial-Com/build/serial-com': CMAKE_PREFIX_PATH=${CMAKE_PREFIX_PATH}:/opt/ros/jazzy /usr/bin/cmake --build /home/ubuntu/Serial-Com/build/serial-com -- -j16 -l16
[0.115s] [ 50%] [32mBuilding CXX object CMakeFiles/keyboardR_SerialP.dir/node/keyboardR_SerialP.cpp.o[0m
[2.491s] [01m[K/home/ubuntu/Serial-Com/node/keyboardR_SerialP.cpp:[m[K In member function â€˜[01m[Kvoid SerialP::[01;32m[KcmdVelCallback[m[K(geometry_msgs::msg::Twist_<std::allocator<void> >::SharedPtr)[m[Kâ€™:
[2.491s] [01m[K/home/ubuntu/Serial-Com/node/keyboardR_SerialP.cpp:35:14:[m[K [01;31m[Kerror: [m[Kâ€˜[01m[Kopen[m[Kâ€™ was not declared in this scope; did you mean â€˜[01m[Kpopen[m[Kâ€™?
[2.491s]    35 |     int fd = [01;31m[Kopen[m[K("/dev/ttyUSB0")
[2.491s]       |              [01;31m[K^~~~[m[K
[2.492s]       |              [32m[Kpopen[m[K
[2.492s] [01m[K/home/ubuntu/Serial-Com/node/keyboardR_SerialP.cpp:35:9:[m[K [01;35m[Kwarning: [m[Kunused variable â€˜[01m[Kfd[m[Kâ€™ [[01;35m[K]8;;https://gcc.gnu.org/onlinedocs/gcc/Warning-Options.html#index-Wunused-variable-Wunused-variable]8;;[m[K]
[2.492s]    35 |     int [01;35m[Kfd[m[K = open("/dev/ttyUSB0")
[2.492s]       |         [01;35m[K^~[m[K
[4.576s] gmake[2]: *** [CMakeFiles/keyboardR_SerialP.dir/build.make:76: CMakeFiles/keyboardR_SerialP.dir/node/keyboardR_SerialP.cpp.o] Error 1
[4.576s] gmake[1]: *** [CMakeFiles/Makefile2:137: CMakeFiles/keyboardR_SerialP.dir/all] Error 2
[4.576s] gmake: *** [Makefile:146: all] Error 2
[4.578s] Invoked command in '/home/ubuntu/Serial-Com/build/serial-com' returned '2': CMAKE_PREFIX_PATH=${CMAKE_PREFIX_PATH}:/opt/ros/jazzy /usr/bin/cmake --build /home/ubuntu/Serial-Com/build/serial-com -- -j16 -l16
