[ 50%] [32mBuilding CXX object CMakeFiles/keyboardR_SerialP.dir/node/keyboardR_SerialP.cpp.o[0m
[01m[K/home/ubuntu/Serial-Com/node/keyboardR_SerialP.cpp:[m[K In member function â€˜[01m[Kvoid SerialP::[01;32m[KcmdVelCallback[m[K(geometry_msgs::msg::Twist_<std::allocator<void> >::SharedPtr)[m[Kâ€™:
[01m[K/home/ubuntu/Serial-Com/node/keyboardR_SerialP.cpp:38:14:[m[K [01;31m[Kerror: [m[Kâ€˜[01m[Kopen[m[Kâ€™ was not declared in this scope; did you mean â€˜[01m[Kpopen[m[Kâ€™?
   38 |     int fd = [01;31m[Kopen[m[K("/dev/ttyUSB0")
      |              [01;31m[K^~~~[m[K
      |              [32m[Kpopen[m[K
[01m[K/home/ubuntu/Serial-Com/node/keyboardR_SerialP.cpp:38:9:[m[K [01;35m[Kwarning: [m[Kunused variable â€˜[01m[Kfd[m[Kâ€™ [[01;35m[K]8;;https://gcc.gnu.org/onlinedocs/gcc/Warning-Options.html#index-Wunused-variable-Wunused-variable]8;;[m[K]
   38 |     int [01;35m[Kfd[m[K = open("/dev/ttyUSB0")
      |         [01;35m[K^~[m[K
gmake[2]: *** [CMakeFiles/keyboardR_SerialP.dir/build.make:76: CMakeFiles/keyboardR_SerialP.dir/node/keyboardR_SerialP.cpp.o] Error 1
gmake[1]: *** [CMakeFiles/Makefile2:137: CMakeFiles/keyboardR_SerialP.dir/all] Error 2
gmake: *** [Makefile:146: all] Error 2
